Traceback (most recent call last):
  File "/home/tjhunter/.cache/pypoetry/virtualenvs/climate-trace-nO4nxH9g-py3.10/lib/python3.10/site-packages/jupyter_cache/executors/utils.py", line 58, in single_nb_execution
    executenb(
  File "/home/tjhunter/.cache/pypoetry/virtualenvs/climate-trace-nO4nxH9g-py3.10/lib/python3.10/site-packages/nbclient/client.py", line 1314, in execute
    return NotebookClient(nb=nb, resources=resources, km=km, **kwargs).execute()
  File "/home/tjhunter/.cache/pypoetry/virtualenvs/climate-trace-nO4nxH9g-py3.10/lib/python3.10/site-packages/jupyter_core/utils/__init__.py", line 165, in wrapped
    return loop.run_until_complete(inner)
  File "/usr/lib/python3.10/asyncio/base_events.py", line 649, in run_until_complete
    return future.result()
  File "/home/tjhunter/.cache/pypoetry/virtualenvs/climate-trace-nO4nxH9g-py3.10/lib/python3.10/site-packages/nbclient/client.py", line 709, in async_execute
    await self.async_execute_cell(
  File "/home/tjhunter/.cache/pypoetry/virtualenvs/climate-trace-nO4nxH9g-py3.10/lib/python3.10/site-packages/nbclient/client.py", line 1062, in async_execute_cell
    await self._check_raise_for_error(cell, cell_index, exec_reply)
  File "/home/tjhunter/.cache/pypoetry/virtualenvs/climate-trace-nO4nxH9g-py3.10/lib/python3.10/site-packages/nbclient/client.py", line 918, in _check_raise_for_error
    raise CellExecutionError.from_cell_and_msg(cell, exec_reply_content)
nbclient.exceptions.CellExecutionError: An error occurred while executing the following cell:
------------------
flows = (pl.read_csv("/home/tjhunter/Downloads/TradeData_4_18_2024_8_43_23.csv", encoding="latin-1")
     .select(
         pl.col("ReporterISO").cast(iso3_enum, strict=False).alias("from"),
         pl.col("PartnerISO").cast(iso3_enum, strict=False).alias("to"),
         pl.col("PrimaryValue").alias("value"))
     )
flows
c_from = C("from")
c_to = C("to")
c_value = C("value")
------------------


[0;31m---------------------------------------------------------------------------[0m
[0;31mFileNotFoundError[0m                         Traceback (most recent call last)
Cell [0;32mIn[3], line 1[0m
[0;32m----> 1[0m flows [38;5;241m=[39m ([43mpl[49m[38;5;241;43m.[39;49m[43mread_csv[49m[43m([49m[38;5;124;43m"[39;49m[38;5;124;43m/home/tjhunter/Downloads/TradeData_4_18_2024_8_43_23.csv[39;49m[38;5;124;43m"[39;49m[43m,[49m[43m [49m[43mencoding[49m[38;5;241;43m=[39;49m[38;5;124;43m"[39;49m[38;5;124;43mlatin-1[39;49m[38;5;124;43m"[39;49m[43m)[49m
[1;32m      2[0m      [38;5;241m.[39mselect(
[1;32m      3[0m          pl[38;5;241m.[39mcol([38;5;124m"[39m[38;5;124mReporterISO[39m[38;5;124m"[39m)[38;5;241m.[39mcast(iso3_enum, strict[38;5;241m=[39m[38;5;28;01mFalse[39;00m)[38;5;241m.[39malias([38;5;124m"[39m[38;5;124mfrom[39m[38;5;124m"[39m),
[1;32m      4[0m          pl[38;5;241m.[39mcol([38;5;124m"[39m[38;5;124mPartnerISO[39m[38;5;124m"[39m)[38;5;241m.[39mcast(iso3_enum, strict[38;5;241m=[39m[38;5;28;01mFalse[39;00m)[38;5;241m.[39malias([38;5;124m"[39m[38;5;124mto[39m[38;5;124m"[39m),
[1;32m      5[0m          pl[38;5;241m.[39mcol([38;5;124m"[39m[38;5;124mPrimaryValue[39m[38;5;124m"[39m)[38;5;241m.[39malias([38;5;124m"[39m[38;5;124mvalue[39m[38;5;124m"[39m))
[1;32m      6[0m      )
[1;32m      7[0m flows
[1;32m      8[0m c_from [38;5;241m=[39m C([38;5;124m"[39m[38;5;124mfrom[39m[38;5;124m"[39m)

File [0;32m~/.cache/pypoetry/virtualenvs/climate-trace-nO4nxH9g-py3.10/lib/python3.10/site-packages/polars/_utils/deprecation.py:92[0m, in [0;36mdeprecate_renamed_parameter.<locals>.decorate.<locals>.wrapper[0;34m(*args, **kwargs)[0m
[1;32m     87[0m [38;5;129m@wraps[39m(function)
[1;32m     88[0m [38;5;28;01mdef[39;00m [38;5;21mwrapper[39m([38;5;241m*[39margs: P[38;5;241m.[39margs, [38;5;241m*[39m[38;5;241m*[39mkwargs: P[38;5;241m.[39mkwargs) [38;5;241m-[39m[38;5;241m>[39m T:
[1;32m     89[0m     _rename_keyword_argument(
[1;32m     90[0m         old_name, new_name, kwargs, function[38;5;241m.[39m[38;5;18m__qualname__[39m, version
[1;32m     91[0m     )
[0;32m---> 92[0m     [38;5;28;01mreturn[39;00m [43mfunction[49m[43m([49m[38;5;241;43m*[39;49m[43margs[49m[43m,[49m[43m [49m[38;5;241;43m*[39;49m[38;5;241;43m*[39;49m[43mkwargs[49m[43m)[49m

File [0;32m~/.cache/pypoetry/virtualenvs/climate-trace-nO4nxH9g-py3.10/lib/python3.10/site-packages/polars/_utils/deprecation.py:92[0m, in [0;36mdeprecate_renamed_parameter.<locals>.decorate.<locals>.wrapper[0;34m(*args, **kwargs)[0m
[1;32m     87[0m [38;5;129m@wraps[39m(function)
[1;32m     88[0m [38;5;28;01mdef[39;00m [38;5;21mwrapper[39m([38;5;241m*[39margs: P[38;5;241m.[39margs, [38;5;241m*[39m[38;5;241m*[39mkwargs: P[38;5;241m.[39mkwargs) [38;5;241m-[39m[38;5;241m>[39m T:
[1;32m     89[0m     _rename_keyword_argument(
[1;32m     90[0m         old_name, new_name, kwargs, function[38;5;241m.[39m[38;5;18m__qualname__[39m, version
[1;32m     91[0m     )
[0;32m---> 92[0m     [38;5;28;01mreturn[39;00m [43mfunction[49m[43m([49m[38;5;241;43m*[39;49m[43margs[49m[43m,[49m[43m [49m[38;5;241;43m*[39;49m[38;5;241;43m*[39;49m[43mkwargs[49m[43m)[49m

File [0;32m~/.cache/pypoetry/virtualenvs/climate-trace-nO4nxH9g-py3.10/lib/python3.10/site-packages/polars/_utils/deprecation.py:92[0m, in [0;36mdeprecate_renamed_parameter.<locals>.decorate.<locals>.wrapper[0;34m(*args, **kwargs)[0m
[1;32m     87[0m [38;5;129m@wraps[39m(function)
[1;32m     88[0m [38;5;28;01mdef[39;00m [38;5;21mwrapper[39m([38;5;241m*[39margs: P[38;5;241m.[39margs, [38;5;241m*[39m[38;5;241m*[39mkwargs: P[38;5;241m.[39mkwargs) [38;5;241m-[39m[38;5;241m>[39m T:
[1;32m     89[0m     _rename_keyword_argument(
[1;32m     90[0m         old_name, new_name, kwargs, function[38;5;241m.[39m[38;5;18m__qualname__[39m, version
[1;32m     91[0m     )
[0;32m---> 92[0m     [38;5;28;01mreturn[39;00m [43mfunction[49m[43m([49m[38;5;241;43m*[39;49m[43margs[49m[43m,[49m[43m [49m[38;5;241;43m*[39;49m[38;5;241;43m*[39;49m[43mkwargs[49m[43m)[49m

File [0;32m~/.cache/pypoetry/virtualenvs/climate-trace-nO4nxH9g-py3.10/lib/python3.10/site-packages/polars/io/csv/functions.py:520[0m, in [0;36mread_csv[0;34m(source, has_header, columns, new_columns, separator, comment_prefix, quote_char, skip_rows, schema, schema_overrides, null_values, missing_utf8_is_empty_string, ignore_errors, try_parse_dates, n_threads, infer_schema, infer_schema_length, batch_size, n_rows, encoding, low_memory, rechunk, use_pyarrow, storage_options, skip_rows_after_header, row_index_name, row_index_offset, sample_size, eol_char, raise_if_empty, truncate_ragged_lines, decimal_comma, glob)[0m
[1;32m    517[0m     df [38;5;241m=[39m lf[38;5;241m.[39mcollect()
[1;32m    519[0m [38;5;28;01melse[39;00m:
[0;32m--> 520[0m     [38;5;28;01mwith[39;00m [43mprepare_file_arg[49m[43m([49m
[1;32m    521[0m [43m        [49m[43msource[49m[43m,[49m
[1;32m    522[0m [43m        [49m[43mencoding[49m[38;5;241;43m=[39;49m[43mencoding[49m[43m,[49m
[1;32m    523[0m [43m        [49m[43muse_pyarrow[49m[38;5;241;43m=[39;49m[38;5;28;43;01mFalse[39;49;00m[43m,[49m
[1;32m    524[0m [43m        [49m[43mraise_if_empty[49m[38;5;241;43m=[39;49m[43mraise_if_empty[49m[43m,[49m
[1;32m    525[0m [43m        [49m[43mstorage_options[49m[38;5;241;43m=[39;49m[43mstorage_options[49m[43m,[49m
[1;32m    526[0m [43m    [49m[43m)[49m [38;5;28;01mas[39;00m data:
[1;32m    527[0m         df [38;5;241m=[39m _read_csv_impl(
[1;32m    528[0m             data,
[1;32m    529[0m             has_header[38;5;241m=[39mhas_header,
[0;32m   (...)[0m
[1;32m    555[0m             glob[38;5;241m=[39mglob,
[1;32m    556[0m         )
[1;32m    558[0m [38;5;28;01mif[39;00m new_columns:

File [0;32m~/.cache/pypoetry/virtualenvs/climate-trace-nO4nxH9g-py3.10/lib/python3.10/site-packages/polars/io/_utils.py:223[0m, in [0;36mprepare_file_arg[0;34m(file, encoding, use_pyarrow, raise_if_empty, storage_options)[0m
[1;32m    219[0m         [38;5;28;01mreturn[39;00m managed_file(
[1;32m    220[0m             normalize_filepath(file, check_not_directory[38;5;241m=[39mcheck_not_dir)
[1;32m    221[0m         )
[1;32m    222[0m     [38;5;66;03m# decode first[39;00m
[0;32m--> 223[0m     [38;5;28;01mwith[39;00m [43mPath[49m[43m([49m[43mfile[49m[43m)[49m[38;5;241;43m.[39;49m[43mopen[49m[43m([49m[43mencoding[49m[38;5;241;43m=[39;49m[43mencoding_str[49m[43m)[49m [38;5;28;01mas[39;00m f:
[1;32m    224[0m         [38;5;28;01mreturn[39;00m _check_empty(
[1;32m    225[0m             BytesIO(f[38;5;241m.[39mread()[38;5;241m.[39mencode([38;5;124m"[39m[38;5;124mutf8[39m[38;5;124m"[39m)),
[1;32m    226[0m             context[38;5;241m=[39m[38;5;124mf[39m[38;5;124m"[39m[38;5;132;01m{[39;00mfile[38;5;132;01m!r}[39;00m[38;5;124m"[39m,
[1;32m    227[0m             raise_if_empty[38;5;241m=[39mraise_if_empty,
[1;32m    228[0m         )
[1;32m    229[0m storage_options[[38;5;124m"[39m[38;5;124mencoding[39m[38;5;124m"[39m] [38;5;241m=[39m encoding

File [0;32m/usr/lib/python3.10/pathlib.py:1119[0m, in [0;36mPath.open[0;34m(self, mode, buffering, encoding, errors, newline)[0m
[1;32m   1117[0m [38;5;28;01mif[39;00m [38;5;124m"[39m[38;5;124mb[39m[38;5;124m"[39m [38;5;129;01mnot[39;00m [38;5;129;01min[39;00m mode:
[1;32m   1118[0m     encoding [38;5;241m=[39m io[38;5;241m.[39mtext_encoding(encoding)
[0;32m-> 1119[0m [38;5;28;01mreturn[39;00m [38;5;28;43mself[39;49m[38;5;241;43m.[39;49m[43m_accessor[49m[38;5;241;43m.[39;49m[43mopen[49m[43m([49m[38;5;28;43mself[39;49m[43m,[49m[43m [49m[43mmode[49m[43m,[49m[43m [49m[43mbuffering[49m[43m,[49m[43m [49m[43mencoding[49m[43m,[49m[43m [49m[43merrors[49m[43m,[49m
[1;32m   1120[0m [43m                           [49m[43mnewline[49m[43m)[49m

[0;31mFileNotFoundError[0m: [Errno 2] No such file or directory: '/home/tjhunter/Downloads/TradeData_4_18_2024_8_43_23.csv'

